{
  "RSpec": {
    "coverage": {
      "/Users/PabloBustos/Desktop/PUC/5 Semestre/Software/Proyecto/2023-1-grupo-32/test/controllers/compras_controller_test.rb": {
        "lines": [
          1,
          null,
          1,
          null,
          null,
          null,
          null
        ]
      },
      "/Users/PabloBustos/Desktop/PUC/5 Semestre/Software/Proyecto/2023-1-grupo-32/test/controllers/products_controller_test.rb": {
        "lines": [
          1,
          null,
          1,
          1,
          0,
          0,
          0,
          0,
          null,
          null,
          1,
          0,
          0,
          0,
          0,
          0,
          null,
          null,
          1,
          0,
          0,
          null,
          0,
          null,
          null,
          1,
          0,
          0,
          null,
          0,
          null,
          null,
          null
        ]
      },
      "/Users/PabloBustos/Desktop/PUC/5 Semestre/Software/Proyecto/2023-1-grupo-32/test/controllers/render_controller_test.rb": {
        "lines": [
          1,
          null,
          1,
          1,
          0,
          0,
          null,
          null
        ]
      },
      "/Users/PabloBustos/Desktop/PUC/5 Semestre/Software/Proyecto/2023-1-grupo-32/test/controllers/requests_controller_test.rb": {
        "lines": [
          1,
          null,
          1,
          null,
          null,
          null,
          null
        ]
      },
      "/Users/PabloBustos/Desktop/PUC/5 Semestre/Software/Proyecto/2023-1-grupo-32/test/controllers/reviews_controller_test.rb": {
        "lines": [
          1,
          null,
          1,
          null,
          null,
          null,
          null
        ]
      },
      "/Users/PabloBustos/Desktop/PUC/5 Semestre/Software/Proyecto/2023-1-grupo-32/test/controllers/room_messages_controller_test.rb": {
        "lines": [
          1,
          null,
          1,
          null,
          null,
          null,
          null
        ]
      },
      "/Users/PabloBustos/Desktop/PUC/5 Semestre/Software/Proyecto/2023-1-grupo-32/test/controllers/rooms_controller_test.rb": {
        "lines": [
          1,
          null,
          1,
          null,
          null,
          null,
          null
        ]
      },
      "/Users/PabloBustos/Desktop/PUC/5 Semestre/Software/Proyecto/2023-1-grupo-32/test/controllers/stocks_controller_test.rb": {
        "lines": [
          1,
          null,
          1,
          null,
          null,
          null,
          null
        ]
      },
      "/Users/PabloBustos/Desktop/PUC/5 Semestre/Software/Proyecto/2023-1-grupo-32/test/models/admin_user_test.rb": {
        "lines": [
          1,
          null,
          1,
          null,
          null,
          null,
          null
        ]
      },
      "/Users/PabloBustos/Desktop/PUC/5 Semestre/Software/Proyecto/2023-1-grupo-32/test/models/compra_test.rb": {
        "lines": [
          1,
          null,
          1,
          null,
          null,
          null,
          null
        ]
      },
      "/Users/PabloBustos/Desktop/PUC/5 Semestre/Software/Proyecto/2023-1-grupo-32/test/models/product_test.rb": {
        "lines": [
          1,
          null,
          1,
          1,
          0,
          0,
          null,
          0,
          null,
          null,
          1,
          0,
          0,
          null,
          0,
          null,
          null,
          1,
          0,
          0,
          null,
          0,
          null,
          null,
          1,
          0,
          0,
          0,
          null,
          null,
          1,
          0,
          null,
          0,
          null,
          null,
          1,
          0,
          0,
          null,
          0,
          null,
          null,
          1,
          0,
          0,
          null,
          0,
          null,
          null,
          1,
          0,
          0,
          null,
          0,
          null,
          null,
          1,
          0,
          0,
          null,
          0,
          null,
          null,
          1,
          0,
          0,
          null,
          0,
          null,
          null,
          1,
          0,
          0,
          null,
          0,
          null,
          null,
          1,
          0,
          0,
          null,
          null,
          1,
          0,
          0,
          0,
          null,
          null,
          null
        ]
      },
      "/Users/PabloBustos/Desktop/PUC/5 Semestre/Software/Proyecto/2023-1-grupo-32/test/models/request_test.rb": {
        "lines": [
          1,
          null,
          1,
          1,
          0,
          0,
          null,
          0,
          0,
          null,
          null,
          1,
          0,
          0,
          null,
          0,
          0,
          null,
          null,
          null
        ]
      },
      "/Users/PabloBustos/Desktop/PUC/5 Semestre/Software/Proyecto/2023-1-grupo-32/test/models/review_test.rb": {
        "lines": [
          1,
          null,
          1,
          1,
          0,
          0,
          0,
          null,
          0,
          0,
          null,
          null,
          1,
          0,
          0,
          0,
          null,
          0,
          0,
          null,
          null,
          1,
          0,
          0,
          0,
          null,
          0,
          0,
          null,
          null,
          1,
          0,
          0,
          null,
          0,
          0,
          null,
          null,
          1,
          0,
          0,
          0,
          null,
          null,
          1,
          0,
          0,
          0,
          0,
          0,
          null,
          null,
          1,
          0,
          0,
          null,
          null,
          null
        ]
      },
      "/Users/PabloBustos/Desktop/PUC/5 Semestre/Software/Proyecto/2023-1-grupo-32/test/models/room_message_test.rb": {
        "lines": [
          1,
          null,
          1,
          1,
          0,
          0,
          0,
          0,
          null,
          null
        ]
      },
      "/Users/PabloBustos/Desktop/PUC/5 Semestre/Software/Proyecto/2023-1-grupo-32/test/models/room_test.rb": {
        "lines": [
          1,
          null,
          1,
          1,
          0,
          0,
          0,
          null,
          null
        ]
      },
      "/Users/PabloBustos/Desktop/PUC/5 Semestre/Software/Proyecto/2023-1-grupo-32/test/models/user_test.rb": {
        "lines": [
          1,
          null,
          1,
          1,
          0,
          0,
          null,
          null,
          1,
          0,
          0,
          null,
          null,
          1,
          0,
          0,
          null,
          null,
          1,
          0,
          0,
          null,
          null,
          1,
          0,
          0,
          null,
          null,
          null
        ]
      }
    },
    "timestamp": 1686801820
  }
}
